[4/11/2021, 8:18:12 PM] erro: Email is not of correct format
[4/11/2021, 8:18:12 PM] erro: Email is already in use by another user
[4/11/2021, 8:18:31 PM] erro: Email is already in use by another user
[4/11/2021, 8:18:35 PM] erro: Email is not of correct format
[4/11/2021, 8:18:35 PM] erro: Email is already in use by another user
[4/11/2021, 8:18:43 PM] erro: Email is not of correct format
[4/11/2021, 8:18:43 PM] erro: Email is already in use by another user
[4/11/2021, 8:23:12 PM] erro: Login failed - user doesnt exist.
[4/11/2021, 8:23:12 PM] erro: liorpev@gmail.com isn't a registered in the system.
[4/11/2021, 8:24:39 PM] erro: Login failed - user doesnt exist.
[4/11/2021, 8:24:39 PM] erro: liorpev@gmail.com isn't a registered in the system.
[4/11/2021, 8:24:47 PM] erro: liorpev@gmail.com already logged in the system.
[4/11/2021, 8:24:55 PM] erro: Login failed - user doesnt exist.
[4/11/2021, 8:24:55 PM] erro: liorpev@gmail.com isn't a registered in the system.
[4/11/2021, 8:25:53 PM] erro: liorpev@gmail.com already logged in the system.
[4/11/2021, 8:26:18 PM] erro: liorpev@gmail.com already logged in the system.
[4/11/2021, 8:26:50 PM] erro: liorpev@gmail.com already logged in the system.
[4/11/2021, 8:29:31 PM] erro: Email is not of correct format
[4/11/2021, 8:29:31 PM] erro: Email is already in use by another user
[4/11/2021, 8:29:36 PM] erro: Login failed - user doesnt exist.
[4/11/2021, 8:29:36 PM] erro: liorpev15@gmail.com isn't a registered in the system.
[4/11/2021, 8:29:36 PM] erro: liorpev1@gmail.com already logged in the system.
[4/11/2021, 8:29:49 PM] erro: Login failed - user doesnt exist.
[4/11/2021, 8:29:49 PM] erro: liorpev15@gmail.com isn't a registered in the system.
[4/11/2021, 8:29:49 PM] erro: liorpev1@gmail.com already logged in the system.
[4/11/2021, 8:30:13 PM] erro: Login failed - user doesnt exist.
[4/11/2021, 8:30:13 PM] erro: liorpev15@gmail.com isn't a registered in the system.
[4/11/2021, 8:30:13 PM] erro: liorpev1@gmail.com already logged in the system.
[4/11/2021, 8:30:29 PM] erro: Login failed - user doesnt exist.
[4/11/2021, 8:30:29 PM] erro: liorpev15@gmail.com isn't a registered in the system.
[4/11/2021, 8:30:29 PM] erro: liorpev1@gmail.com already logged in the system.
[4/11/2021, 8:43:22 PM] erro: Email is not of correct format
[4/11/2021, 8:43:22 PM] erro: Email is already in use by another user
[4/11/2021, 8:43:22 PM] erro: Email is already in use by another user
[4/11/2021, 8:43:22 PM] erro: Login failed - user doesnt exist.
[4/11/2021, 8:43:22 PM] erro: liorpev15@gmail.com isn't a registered in the system.
[4/11/2021, 8:43:22 PM] erro: Email is already in use by another user
[4/11/2021, 8:43:22 PM] erro: liorpev1@gmail.com already logged in the system.
[4/11/2021, 8:43:22 PM] erro: Email is already in use by another user
[4/11/2021, 8:43:22 PM] erro: liorpev@gmail.com already logged in the system.
[4/11/2021, 8:43:43 PM] erro: Email is not of correct format
[4/11/2021, 8:43:43 PM] erro: Email is already in use by another user
[4/11/2021, 8:43:43 PM] erro: Email is already in use by another user
[4/11/2021, 8:43:43 PM] erro: Login failed - user doesnt exist.
[4/11/2021, 8:43:43 PM] erro: liorpev15@gmail.com isn't a registered in the system.
[4/11/2021, 8:43:43 PM] erro: Email is already in use by another user
[4/11/2021, 8:43:43 PM] erro: liorpev1@gmail.com already logged in the system.
[4/11/2021, 8:43:43 PM] erro: Email is already in use by another user
[4/11/2021, 8:43:43 PM] erro: liorpev@gmail.com already logged in the system.
[4/11/2021, 8:44:17 PM] erro: Product id 1 search for but doesn't exist
[4/11/2021, 8:45:34 PM] info: Product id 0 was search for and found vodka
[4/11/2021, 8:47:15 PM] info: Product id 0 was search for and found vodka
[4/11/2021, 8:47:15 PM] erro: Product id 0 search for but doesn't exist
[4/11/2021, 8:47:32 PM] info: Product id 0 was search for and found vodka
[4/11/2021, 8:48:15 PM] erro: Product id 15 search for but doesn't exist
[4/11/2021, 8:48:39 PM] erro: Product id 15 search for but doesn't exist
[4/11/2021, 8:48:39 PM] info: Product id 0 was search for and found vodka
[4/11/2021, 8:50:21 PM] erro: Product id 15 search for but doesn't exist
[4/11/2021, 8:50:21 PM] erro: Can't edit item information to a shop-basket that doesnt exist
[4/11/2021, 8:51:49 PM] info: Product id 0 was search for and found vodka
[4/11/2021, 8:52:32 PM] info: Product id 0 was search for and found vodka
[4/11/2021, 8:58:34 PM] info: Product id 0 was search for and found vodka
[4/11/2021, 8:59:12 PM] info: Product id 0 was search for and found vodka
[4/11/2021, 8:59:35 PM] info: Product id 0 was search for and found vodka
[4/11/2021, 9:02:23 PM] info: Product id 0 was search for and found vodka
[4/11/2021, 9:02:59 PM] info: Product id 0 was search for and found vodka
[4/11/2021, 9:14:58 PM] info: Product id 0 was search for and found vodka
[4/11/2021, 9:17:21 PM] info: Product id 0 was search for and found vodka
[4/11/2021, 9:17:42 PM] info: Product id 0 was search for and found vodka
[4/11/2021, 9:19:44 PM] info: Product id 0 was search for and found vodka
[4/11/2021, 9:19:46 PM] info: Product id 0 was search for and found vodka
[4/11/2021, 9:19:46 PM] erro: Product id 0 search for but doesn't exist
[4/11/2021, 9:19:55 PM] info: Product id 0 was search for and found vodka
[4/11/2021, 9:21:16 PM] info: Product id 0 was search for and found vodka
[4/11/2021, 9:22:23 PM] info: Product id 0 was search for and found vodka
[4/11/2021, 9:23:25 PM] info: Product id 0 was search for and found vodka
[4/11/2021, 9:25:20 PM] info: Product id 0 was search for and found vodka
[4/11/2021, 9:26:12 PM] info: Product id 0 was search for and found vodka
[4/11/2021, 9:26:35 PM] info: Product id 0 was search for and found vodka
[4/11/2021, 9:26:49 PM] info: Product id 0 was search for and found vodka
[4/11/2021, 9:26:53 PM] info: Product id 0 was search for and found vodka
[4/11/2021, 9:27:05 PM] info: Product id 0 was search for and found vodka
[4/11/2021, 9:32:32 PM] info: Product id 0 was search for and found vodka
[4/11/2021, 9:33:08 PM] info: Product id 0 was search for and found vodka
[4/11/2021, 9:33:22 PM] info: Product id 0 was search for and found vodka
[4/12/2021, 1:55:53 PM] info: Product id 0 was search for and found vodka
[4/12/2021, 1:56:53 PM] info: Product id 0 was search for and found vodka
[4/12/2021, 6:49:05 PM] erro: 0 isn't a guest nor a registered user
[4/12/2021, 6:49:05 PM] erro: Login failed - user doesnt exist.
[4/12/2021, 6:49:05 PM] erro: liorpev15@gmail.com isn't a registered in the system.
[4/12/2021, 6:49:05 PM] erro: liorpev1@gmail.com already logged in the system.
[4/12/2021, 6:49:05 PM] erro: 3 isn't a guest nor a registered user
[4/12/2021, 6:50:05 PM] erro: liorpev2@gmail.com isn't logged in the system therefore cant logged out.
[4/12/2021, 6:50:05 PM] erro: liorpev2@gmail.com already logged in the system.
[4/12/2021, 6:50:17 PM] erro: liorpev2@gmail.com isn't logged in the system therefore cant logged out.
[4/12/2021, 6:50:17 PM] erro: liorpev2@gmail.com already logged in the system.
[4/12/2021, 6:53:28 PM] erro: 1 isn't a guest nor a registered user
[4/12/2021, 6:55:54 PM] erro: 1 isn't a guest nor a registered user
[4/12/2021, 7:01:05 PM] erro: Login failed - user doesnt exist.
[4/12/2021, 7:01:05 PM] erro: liorpev15@gmail.com isn't a registered in the system.
[4/12/2021, 7:01:13 PM] erro: 0 isn't a guest nor a registered user
[4/12/2021, 7:01:13 PM] erro: 1 isn't a guest nor a registered user
[4/12/2021, 7:05:04 PM] info: Product id 0 was search for and found vodka
[4/12/2021, 7:05:08 PM] info: Product id 0 was search for and found vodka
[4/12/2021, 7:05:08 PM] erro: Product id 0 search for but doesn't exist
[4/12/2021, 7:05:37 PM] info: Product id 0 was search for and found vodka
[4/12/2021, 7:05:47 PM] info: Product id 0 was search for and found vodka
[4/12/2021, 7:05:47 PM] erro: Product id 0 search for but doesn't exist
[4/12/2021, 7:06:33 PM] info: Product id 0 was search for and found vodka
[4/12/2021, 7:06:39 PM] erro: Login failed - user doesnt exist.
[4/12/2021, 7:06:39 PM] erro: liorpev15@gmail.com isn't a registered in the system.
[4/12/2021, 7:06:39 PM] erro: liorpev1@gmail.com already logged in the system.
[4/12/2021, 7:13:40 PM] info: Product id 0 was search for and found vodka
[4/12/2021, 7:14:10 PM] info: Product id 0 was search for and found vodka
[4/13/2021, 6:07:11 PM] info: Product id 0 was search for and found vodka
[4/13/2021, 6:07:16 PM] info: Product id 0 was search for and found vodka
[4/13/2021, 6:07:28 PM] erro: wrong@mail.com attempted to appoint new@bgu.ac.il but the appointer is not a owner
[4/13/2021, 6:07:28 PM] info: new@bgu.ac.il was made manager by wrong@mail.com
[4/13/2021, 6:07:28 PM] info: new@bgu.ac.il was made manager by tomsand@post.bgu.ac.il
[4/13/2021, 6:07:28 PM] info: All items were requested for shop 3
[4/13/2021, 6:07:28 PM] info: tomsand@post.bgu.ac.il successfully added product Best 29 inch to shop 3
[4/13/2021, 6:07:28 PM] info: All items were requested for shop 3
[4/13/2021, 6:07:28 PM] info: tomsand@post.bgu.ac.il successfully added product Best 29 inch to shop 3
[4/13/2021, 6:07:28 PM] info: All items were requested for shop 3
[4/13/2021, 6:07:28 PM] info: tomsand@post.bgu.ac.il successfully added product Best 29 inch to shop 3
[4/13/2021, 6:07:28 PM] info: All items were requested for shop 3
[4/13/2021, 6:07:28 PM] info: All items were requested for shop 4
[4/13/2021, 6:07:28 PM] info: tomsand@post.bgu.ac.il successfully added product Best 29 inch to shop 4
[4/13/2021, 6:07:28 PM] info: All items were requested for shop 4
[4/13/2021, 6:07:28 PM] info: tomsand@post.bgu.ac.il successfully added product Best 29 inch to shop 4
[4/13/2021, 6:07:28 PM] info: All items were requested for shop 4
[4/13/2021, 6:07:28 PM] info: tomsand@post.bgu.ac.il successfully added product Best 29 inch to shop 4
[4/13/2021, 6:07:28 PM] info: All items were requested for shop 4
[4/13/2021, 6:07:28 PM] info: tomsand@post.bgu.ac.il successfully added product Best 29 centimeter to shop 5
[4/13/2021, 6:07:28 PM] info: tomsand@post.bgu.ac.il successfully added product Best 29 inch to shop 5
[4/13/2021, 6:07:28 PM] info: tomsand@post.bgu.ac.il successfully added product Best 29 inch to shop 5
[4/13/2021, 6:07:28 PM] info: A search was performed in shop 5: name: centimeter	 number of results: 1
[4/13/2021, 6:07:28 PM] info: A search was performed in shop 5: name: 29 inch	 number of results: 2
[4/13/2021, 6:07:28 PM] info: A search was performed in shop 5: category: monitors	 number of results: 2
[4/13/2021, 6:07:28 PM] info: A search was performed in shop 5: keyword: not the best	 number of results: 1
[4/13/2021, 6:07:28 PM] info: tomsand@post.bgu.ac.il successfully added product Best 29 centimeter to shop 6
[4/13/2021, 6:07:28 PM] info: tomsand@post.bgu.ac.il successfully added product Best 29 inch to shop 6
[4/13/2021, 6:07:28 PM] info: tomsand@post.bgu.ac.il successfully added product Best 29 inch to shop 6
[4/13/2021, 6:07:28 PM] info: All items were requested for shop 6
[4/13/2021, 6:07:28 PM] info: A filter was performed in shop 6 with the following filters: [object Object]
[4/13/2021, 6:07:28 PM] info: All items were requested for shop 6
[4/13/2021, 6:07:28 PM] info: A filter was performed in shop 6 with the following filters: [object Object],[object Object]
[4/13/2021, 6:08:19 PM] erro: wrong@mail.com attempted to appoint new@bgu.ac.il but the appointer is not a owner
[4/13/2021, 6:08:19 PM] info: new@bgu.ac.il was made manager by wrong@mail.com
[4/13/2021, 6:08:19 PM] info: new@bgu.ac.il was made manager by tomsand@post.bgu.ac.il
[4/13/2021, 6:08:19 PM] info: All items were requested for shop 3
[4/13/2021, 6:08:19 PM] info: tomsand@post.bgu.ac.il successfully added product Best 29 inch to shop 3
[4/13/2021, 6:08:19 PM] info: All items were requested for shop 3
[4/13/2021, 6:08:19 PM] info: tomsand@post.bgu.ac.il successfully added product Best 29 inch to shop 3
[4/13/2021, 6:08:19 PM] info: All items were requested for shop 3
[4/13/2021, 6:08:19 PM] info: tomsand@post.bgu.ac.il successfully added product Best 29 inch to shop 3
[4/13/2021, 6:08:19 PM] info: All items were requested for shop 3
[4/13/2021, 6:08:19 PM] info: All items were requested for shop 4
[4/13/2021, 6:08:19 PM] info: tomsand@post.bgu.ac.il successfully added product Best 29 inch to shop 4
[4/13/2021, 6:08:19 PM] info: All items were requested for shop 4
[4/13/2021, 6:08:19 PM] info: tomsand@post.bgu.ac.il successfully added product Best 29 inch to shop 4
[4/13/2021, 6:08:19 PM] info: All items were requested for shop 4
[4/13/2021, 6:08:19 PM] info: tomsand@post.bgu.ac.il successfully added product Best 29 inch to shop 4
[4/13/2021, 6:08:19 PM] info: All items were requested for shop 4
[4/13/2021, 6:08:19 PM] info: tomsand@post.bgu.ac.il successfully added product Best 29 centimeter to shop 5
[4/13/2021, 6:08:19 PM] info: tomsand@post.bgu.ac.il successfully added product Best 29 inch to shop 5
[4/13/2021, 6:08:19 PM] info: tomsand@post.bgu.ac.il successfully added product Best 29 inch to shop 5
[4/13/2021, 6:08:19 PM] info: A search was performed in shop 5: name: centimeter	 number of results: 1
[4/13/2021, 6:08:19 PM] info: A search was performed in shop 5: name: 29 inch	 number of results: 2
[4/13/2021, 6:08:19 PM] info: A search was performed in shop 5: category: monitors	 number of results: 2
[4/13/2021, 6:08:19 PM] info: A search was performed in shop 5: keyword: not the best	 number of results: 1
[4/13/2021, 6:08:19 PM] info: tomsand@post.bgu.ac.il successfully added product Best 29 centimeter to shop 6
[4/13/2021, 6:08:19 PM] info: tomsand@post.bgu.ac.il successfully added product Best 29 inch to shop 6
[4/13/2021, 6:08:19 PM] info: tomsand@post.bgu.ac.il successfully added product Best 29 inch to shop 6
[4/13/2021, 6:08:19 PM] info: All items were requested for shop 6
[4/13/2021, 6:08:19 PM] info: A filter was performed in shop 6 with the following filters: [object Object]
[4/13/2021, 6:08:19 PM] info: All items were requested for shop 6
[4/13/2021, 6:08:19 PM] info: A filter was performed in shop 6 with the following filters: [object Object],[object Object]
[4/13/2021, 6:08:19 PM] erro: Email is not of correct format
[4/13/2021, 6:08:19 PM] erro: Email is already in use by another user
[4/13/2021, 6:08:19 PM] erro: Email is already in use by another user
[4/13/2021, 6:08:19 PM] erro: Login failed - user doesnt exist.
[4/13/2021, 6:08:19 PM] erro: liorpev15@gmail.com isn't a registered in the system.
[4/13/2021, 6:08:19 PM] erro: Email is already in use by another user
[4/13/2021, 6:08:19 PM] erro: liorpev1@gmail.com already logged in the system.
[4/13/2021, 6:08:19 PM] erro: Product id 0 search for but doesn't exist
[4/13/2021, 6:08:19 PM] erro: Email is already in use by another user
[4/13/2021, 6:08:19 PM] erro: liorpev@gmail.com already logged in the system.
[4/15/2021, 5:39:09 PM] erro: Email is already in use by another user
[4/15/2021, 5:39:09 PM] erro: Email is already in use by another user
[4/15/2021, 5:39:09 PM] erro: Email is already in use by another user
[4/15/2021, 5:39:09 PM] erro: Email is already in use by another user
[4/15/2021, 5:39:09 PM] info: Test@test.com successfully added product TV to shop 1
[4/15/2021, 5:39:09 PM] info: Product id 0 was search for and found TV
[4/15/2021, 5:39:09 PM] info: Product id 0 was search for and found TV
[4/15/2021, 5:39:09 PM] info: Order history of user id 7 was displayed
[4/15/2021, 5:39:18 PM] info: All items were requested for shop 0
[4/15/2021, 5:39:18 PM] info: Test@test.com successfully added product TV to shop 0
[4/15/2021, 5:39:18 PM] info: All items were requested for shop 0
[4/15/2021, 5:39:18 PM] erro: Email is already in use by another user
[4/15/2021, 5:39:18 PM] erro: Email is already in use by another user
[4/15/2021, 5:39:18 PM] info: Test@test.com successfully added product TV to shop 1
[4/15/2021, 5:39:18 PM] info: All items were requested for shop 1
[4/15/2021, 5:39:18 PM] info: All items were requested for shop 1
[4/15/2021, 5:39:18 PM] erro: Email is already in use by another user
[4/15/2021, 5:39:18 PM] erro: Email is already in use by another user
[4/15/2021, 5:39:18 PM] erro: OvedMetzuyan@post.co.il failed to add product TV to shop 2. Permission denied
[4/15/2021, 5:39:18 PM] erro: Email is already in use by another user
[4/15/2021, 5:39:18 PM] erro: Email is already in use by another user
[4/15/2021, 5:39:18 PM] erro: Email is already in use by another user
[4/15/2021, 5:39:18 PM] erro: Email is already in use by another user
[4/15/2021, 5:39:18 PM] erro: Email is already in use by another user
[4/15/2021, 5:39:18 PM] erro: Email is already in use by another user
[4/15/2021, 5:43:42 PM] info: Test@test.com successfully added product TV to shop 0
[4/15/2021, 5:43:42 PM] info: Product id 0 was search for and found TV
[4/15/2021, 5:43:42 PM] info: Product id 0 was search for and found TV
[4/15/2021, 5:43:42 PM] info: Product id 0 was added successfully to the basket of shop_id 0
[4/15/2021, 5:45:06 PM] info: Test@test.com successfully added product TV to shop 0
[4/15/2021, 5:45:06 PM] info: Product id 0 was search for and found TV
[4/15/2021, 5:48:43 PM] info: Test@test.com successfully added product TV to shop 0
[4/15/2021, 5:48:43 PM] info: Product id 0 was search for and found TV
[4/15/2021, 5:48:43 PM] info: Product id 0 was edited successfully for shop_id 0
[4/15/2021, 5:48:43 PM] info: Cart of user_id 2 was displayed
[4/15/2021, 5:50:43 PM] info: Test@test.com successfully added product TV to shop 0
[4/15/2021, 5:50:43 PM] info: Product id 0 was search for and found TV
[4/15/2021, 5:50:43 PM] info: Product id 0 was search for and found TV
[4/15/2021, 5:50:43 PM] erro: Trying to purchase a shop basket that doesnt exist
[4/15/2021, 5:52:25 PM] info: Test@test.com successfully added product TV to shop 0
[4/15/2021, 5:52:25 PM] info: Product id 0 was search for and found TV
[4/15/2021, 5:52:25 PM] info: Product id 0 was search for and found TV
[4/15/2021, 5:52:25 PM] erro: Trying to purchase a shop basket that doesnt exist
[4/15/2021, 5:52:25 PM] erro: -150 isn't a guest nor a registered user
[4/15/2021, 5:52:58 PM] info: Test@test.com successfully added product TV to shop 0
[4/15/2021, 5:52:58 PM] info: Product id 0 was search for and found TV
[4/15/2021, 5:52:58 PM] info: Product id 0 was search for and found TV
[4/15/2021, 5:52:58 PM] erro: Trying to purchase a shop basket that doesnt exist
[4/15/2021, 5:52:58 PM] erro: -150 isn't a guest nor a registered user
[4/15/2021, 5:56:23 PM] erro: Email is already in use by another user
[4/15/2021, 5:56:23 PM] erro: Email is not of correct format
[4/15/2021, 5:57:59 PM] erro: Login failed - user doesnt exist.
[4/15/2021, 5:57:59 PM] erro: Test@test.com isn't a registered in the system.
[4/15/2021, 5:58:15 PM] erro: Login failed - user doesnt exist.
[4/15/2021, 5:58:15 PM] erro: Test@test.com isn't a registered in the system.
[4/15/2021, 5:58:15 PM] erro: Login failed - user doesnt exist.
[4/15/2021, 5:58:15 PM] erro: 321321321321321312312312312312312312 isn't a registered in the system.
[4/15/2021, 6:09:53 PM] info: All items were requested for shop 0
[4/15/2021, 6:09:53 PM] info: Test@test.com successfully added product TV to shop 0
[4/15/2021, 6:09:53 PM] info: All items were requested for shop 0
[4/15/2021, 6:09:53 PM] erro: Test@test.com failed to add product  to shop 0. product name can't be empty
[4/15/2021, 6:10:44 PM] info: All items were requested for shop 0
[4/15/2021, 6:10:44 PM] info: Test@test.com successfully added product TV to shop 0
[4/15/2021, 6:10:44 PM] info: All items were requested for shop 0
[4/15/2021, 6:10:44 PM] erro: Test@test.com failed to add product  to shop 0. product name can't be empty
[4/15/2021, 6:12:49 PM] erro: OvedMetzuyan@post.co.il failed to add product TV to shop 0. Permission denied
[4/15/2021, 6:21:31 PM] info: Test@test.com successfully added product TV to shop 0
[4/15/2021, 6:21:31 PM] info: Product id 0 was search for and found TV
[4/15/2021, 6:21:31 PM] info: Product id 0 was search for and found TV
[4/15/2021, 6:21:31 PM] info: Order history of user id 2 was displayed
[4/15/2021, 6:21:31 PM] erro: 150 isn't a guest nor a registered user
[4/15/2021, 6:21:31 PM] erro: 150 isn't a guest nor a registered user
[4/15/2021, 6:24:08 PM] info: Test@test.com successfully added product TV to shop 0
[4/15/2021, 6:24:08 PM] info: Product id 0 was search for and found TV
[4/15/2021, 6:24:08 PM] info: Product id 0 was search for and found TV
[4/15/2021, 6:24:08 PM] info: Admin admin@gmail.com searched for shop 0 order history
[4/15/2021, 6:25:37 PM] info: Test@test.com successfully added product TV to shop 0
[4/15/2021, 6:25:37 PM] info: Product id 0 was search for and found TV
[4/15/2021, 6:25:37 PM] info: Product id 0 was search for and found TV
[4/15/2021, 6:25:37 PM] info: Admin admin@gmail.com searched for shop 0 order history
[4/15/2021, 6:25:51 PM] info: Test@test.com successfully added product TV to shop 0
[4/15/2021, 6:25:51 PM] info: Product id 0 was search for and found TV
[4/15/2021, 6:25:51 PM] info: Product id 0 was search for and found TV
[4/15/2021, 6:25:51 PM] info: Admin admin@gmail.com searched for shop 0 order history
[4/15/2021, 6:25:51 PM] erro: 150 isn't a guest nor a registered user
[4/16/2021, 5:55:00 PM] erro: Email is already in use by another user
[4/16/2021, 5:55:00 PM] erro: Email is not of correct format
[4/16/2021, 5:55:00 PM] erro: Login failed - user doesnt exist.
[4/16/2021, 5:55:00 PM] erro: Test@test.com isn't a registered in the system.
[4/16/2021, 5:55:00 PM] erro: Login failed - user doesnt exist.
[4/16/2021, 5:55:00 PM] erro: 321321321321321312312312312312312312 isn't a registered in the system.
[4/16/2021, 5:55:00 PM] info: Test@test.com successfully added product TV to shop 0
[4/16/2021, 5:55:00 PM] info: Test@test.com successfully added product TV1 to shop 0
[4/16/2021, 5:55:00 PM] info: Test@test.com successfully added product TV2 to shop 1
[4/16/2021, 5:55:00 PM] info: Test@test.com successfully added product TV3 to shop 2
[4/16/2021, 5:55:00 PM] info: A search was performed in shop 0: name: TV1	 number of results: 1
[4/16/2021, 5:55:00 PM] info: A search was performed in shop 1: name: TV1	 number of results: 0
[4/16/2021, 5:55:00 PM] info: A search was performed in shop 2: name: TV1	 number of results: 0
[4/16/2021, 5:55:00 PM] info: A search was performed in shop 0: name: TV1	 number of results: 1
[4/16/2021, 5:55:00 PM] info: A search was performed in shop 1: name: TV1	 number of results: 0
[4/16/2021, 5:55:00 PM] info: A search was performed in shop 2: name: TV1	 number of results: 0
[4/16/2021, 5:55:00 PM] info: A search was performed in shop 0: category: monitors	 number of results: 0
[4/16/2021, 5:55:00 PM] info: A search was performed in shop 1: category: monitors	 number of results: 1
[4/16/2021, 5:55:00 PM] info: A search was performed in shop 2: category: monitors	 number of results: 1
[4/16/2021, 5:55:00 PM] info: A search was performed in shop 0: category: monitors	 number of results: 0
[4/16/2021, 5:55:00 PM] info: A search was performed in shop 1: category: monitors	 number of results: 1
[4/16/2021, 5:55:00 PM] info: A search was performed in shop 2: category: monitors	 number of results: 1
[4/16/2021, 5:55:00 PM] info: A search was performed in shop 0: category: monitors	 number of results: 0
[4/16/2021, 5:55:00 PM] info: A search was performed in shop 1: category: monitors	 number of results: 1
[4/16/2021, 5:55:00 PM] info: A search was performed in shop 2: category: monitors	 number of results: 1
[4/16/2021, 5:55:00 PM] info: A search was performed in shop 0: category: monitors	 number of results: 0
[4/16/2021, 5:55:00 PM] info: A filter was performed in shop 0 with the following filters: [object Object],[object Object]
[4/16/2021, 5:55:00 PM] info: A search was performed in shop 1: category: monitors	 number of results: 1
[4/16/2021, 5:55:00 PM] info: A filter was performed in shop 1 with the following filters: [object Object],[object Object]
[4/16/2021, 5:55:00 PM] info: A search was performed in shop 2: category: monitors	 number of results: 1
[4/16/2021, 5:55:00 PM] info: A filter was performed in shop 2 with the following filters: [object Object],[object Object]
[4/16/2021, 5:55:00 PM] info: A search was performed in shop 0: category: a category which doesnt exist	 number of results: 0
[4/16/2021, 5:55:00 PM] info: A search was performed in shop 1: category: a category which doesnt exist	 number of results: 0
[4/16/2021, 5:55:00 PM] info: A search was performed in shop 2: category: a category which doesnt exist	 number of results: 0
[4/16/2021, 5:55:00 PM] info: Test@test.com successfully added product TV to shop 0
[4/16/2021, 5:55:00 PM] info: Product id 0 was search for and found TV
[4/16/2021, 5:55:00 PM] info: Product id 0 was search for and found TV
[4/16/2021, 5:55:00 PM] info: Test@test.com successfully added product TV to shop 0
[4/16/2021, 5:55:00 PM] info: Product id 0 was search for and found TV
[4/16/2021, 5:55:00 PM] info: Product id 0 was edited successfully for shop_id 0
[4/16/2021, 5:55:00 PM] info: Cart of user_id 2 was displayed
[4/16/2021, 5:55:00 PM] info: Test@test.com successfully added product TV to shop 0
[4/16/2021, 5:55:00 PM] info: Product id 0 was search for and found TV
[4/16/2021, 5:55:00 PM] info: Product id 0 was search for and found TV
[4/16/2021, 5:55:00 PM] erro: Trying to purchase a shop basket that doesnt exist
[4/16/2021, 5:55:00 PM] erro: -150 isn't a guest nor a registered user
[4/16/2021, 5:55:11 PM] info: Test@test.com successfully added product TV to shop 0
[4/16/2021, 5:55:11 PM] info: Product id 0 was search for and found TV
[4/16/2021, 5:55:11 PM] info: Product id 0 was search for and found TV
[4/16/2021, 5:55:11 PM] info: Order history of user id 2 was displayed
[4/16/2021, 5:55:17 PM] info: All items were requested for shop 0
[4/16/2021, 5:55:17 PM] info: Test@test.com successfully added product TV to shop 0
[4/16/2021, 5:55:17 PM] info: All items were requested for shop 0
[4/16/2021, 5:55:17 PM] erro: Test@test.com failed to add product  to shop 0. product name can't be empty
[4/16/2021, 5:55:17 PM] info: Test@test.com successfully added product TV to shop 0
[4/16/2021, 5:55:17 PM] info: All items were requested for shop 0
[4/16/2021, 5:55:17 PM] info: Test@test.com successfully removed product 0 from shop 0
[4/16/2021, 5:55:17 PM] info: All items were requested for shop 0
[4/16/2021, 5:55:17 PM] info: Test@test.com successfully added product TV to shop 0
[4/16/2021, 5:55:17 PM] erro: Test@test.com failed to remove product -1 from shop 0. Item doesn't exist.
[4/16/2021, 5:55:17 PM] info: All items were requested for shop 0
[4/16/2021, 5:55:17 PM] info: OvedMetzuyan@post.co.il was made manager by Test@test.com
[4/16/2021, 5:55:17 PM] erro: OvedMetzuyan@post.co.il failed to remove product 1 from shop 0. Permission denied.
[4/16/2021, 5:55:17 PM] info: All items were requested for shop 0
[4/16/2021, 5:55:17 PM] erro: OvedMetzuyan@post.co.il failed to add product TV to shop 0. Permission denied
[4/16/2021, 5:55:17 PM] info: OvedMetzuyan@post.co.il was made manager by Test@test.com
[4/16/2021, 5:55:17 PM] info: OvedMetzuyan@post.co.il successfully added product TV to shop 0
[4/16/2021, 5:55:17 PM] erro: Test@test.com attempted to appoint OvedMetzuyan@post.co.il but the appointee is already an owner
[4/16/2021, 5:55:17 PM] erro: Failed to make OvedMetzuyan@post.co.il a manager by Test@test.com
[4/16/2021, 5:55:17 PM] erro: OvedRa@post.co.il attempted to appoint OvedRaMeod@post.co.il but the appointer is not a owner
[4/16/2021, 5:55:17 PM] erro: Failed to make OvedRaMeod@post.co.il a manager by OvedRa@post.co.il
[4/16/2021, 5:55:17 PM] info: OvedMetzuyan@post.co.il was made manager by Test@test.com
[4/16/2021, 5:55:17 PM] erro: Test@test.com attempted to appoint OvedMetzuyan@post.co.il but the appointee is already a manager
[4/16/2021, 5:55:17 PM] erro: Failed to make OvedMetzuyan@post.co.il a manager by Test@test.com
[4/16/2021, 5:55:17 PM] erro: OvedRa@post.co.il attempted to appoint OvedRaMeod@post.co.il but the appointer is not a owner
[4/16/2021, 5:55:17 PM] erro: Failed to make OvedRaMeod@post.co.il a manager by OvedRa@post.co.il
[4/16/2021, 5:55:17 PM] info: OvedMetzuyan@post.co.il was made manager by Test@test.com
[4/16/2021, 5:55:17 PM] erro: OvedMetzuyan@post.co.il failed to add product TV to shop 0. Permission denied
[4/16/2021, 5:55:17 PM] info: Permissions AddItem granted to OvedMetzuyan@post.co.il by Test@test.com
[4/16/2021, 5:55:17 PM] info: OvedMetzuyan@post.co.il successfully added product TV to shop 0
[4/16/2021, 5:55:17 PM] info: Permissions AddItem granted to OvedMetzuyan@post.co.il by Test@test.com
[4/16/2021, 5:55:17 PM] info: OvedaMetzuyan@post.co.il was made manager by Test@test.com
[4/16/2021, 5:55:17 PM] erro: Failed to grant RemoveItem to OvedMetzuyan@post.co.il by OvedaMetzuyan@post.co.il. OvedaMetzuyan@post.co.il is not the appointer of OvedMetzuyan@post.co.il
[4/16/2021, 5:55:17 PM] info: OvedMetzuyan@post.co.il was made manager by Test@test.com
[4/16/2021, 5:55:17 PM] info: Test@test.com removed OvedMetzuyan@post.co.il from management
[4/16/2021, 5:55:17 PM] erro: Login failed - user doesnt exist.
[4/16/2021, 5:55:17 PM] erro: aaa@post.co.il isn't a registered in the system.
[4/16/2021, 5:55:17 PM] erro: aaa@post.co.il isn't a registered in the system. isn't a guest nor a registered user
[4/16/2021, 5:55:24 PM] info: Test@test.com successfully added product TV to shop 0
[4/16/2021, 5:55:24 PM] info: Product id 0 was search for and found TV
[4/16/2021, 5:55:24 PM] info: Product id 0 was search for and found TV
[4/16/2021, 5:55:24 PM] info: Order history of user id 2 was displayed
[4/16/2021, 5:55:24 PM] erro: 150 isn't a guest nor a registered user
[4/16/2021, 5:55:24 PM] erro: 150 isn't a guest nor a registered user
[4/16/2021, 5:55:24 PM] info: Test@test.com successfully added product TV to shop 0
[4/16/2021, 5:55:24 PM] info: Product id 0 was search for and found TV
[4/16/2021, 5:55:24 PM] info: Product id 0 was search for and found TV
[4/16/2021, 5:55:24 PM] info: Admin admin@gmail.com searched for shop 0 order history
[4/16/2021, 5:55:24 PM] erro: 12 isn't a guest nor a registered user
[4/17/2021, 12:24:46 PM] erro: Email is not of correct format
[4/17/2021, 12:24:46 PM] erro: Email is already in use by another user
[4/17/2021, 12:25:00 PM] erro: Login failed - user doesnt exist.
[4/17/2021, 12:25:00 PM] erro: liorpev15@gmail.com isn't a registered in the system.
[4/17/2021, 12:25:00 PM] erro: liorpev1@gmail.com already logged in the system.
[4/17/2021, 12:25:08 PM] info: Product id 0 was search for and found vodka
[4/17/2021, 12:29:38 PM] erro: admin@gmail.com isn't logged in the system therefore cant logged out.
[4/17/2021, 12:29:38 PM] info: Product id 0 was search for and found vodka
[4/17/2021, 12:31:26 PM] info: Product id 0 was search for and found vodka
[4/17/2021, 12:31:31 PM] info: Product id 0 was search for and found vodka
[4/17/2021, 12:32:40 PM] info: Product id 0 was search for and found vodka
[4/17/2021, 12:32:40 PM] info: Product id 0 was edited successfully for shop_id 2
[4/17/2021, 12:32:40 PM] info: Product id 0 was removed successfully from shop_id 2
[4/17/2021, 12:33:13 PM] info: Product id 0 was search for and found vodka
[4/17/2021, 12:33:13 PM] info: Product id 0 was edited successfully for shop_id 2
[4/17/2021, 12:33:13 PM] info: Product id 0 was removed successfully from shop_id 2
[4/17/2021, 1:28:49 PM] info: Product id 0 was search for and found vodka
[4/17/2021, 1:28:49 PM] info: Product id 0 was edited successfully for shop_id 2
[4/17/2021, 1:28:49 PM] info: Product id 0 was removed successfully from shop_id 2
[4/18/2021, 7:07:56 PM] erro: Email is already in use by another user
[4/18/2021, 7:07:56 PM] erro: Email is not of correct format
[4/18/2021, 7:07:56 PM] erro: Login failed - user doesnt exist.
[4/18/2021, 7:07:56 PM] erro: Test@test.com isn't a registered in the system.
[4/18/2021, 7:07:56 PM] erro: Login failed - user doesnt exist.
[4/18/2021, 7:07:56 PM] erro: 321321321321321312312312312312312312 isn't a registered in the system.
[4/18/2021, 7:07:56 PM] info: Test@test.com successfully added product TV to shop 0
[4/18/2021, 7:07:56 PM] info: Test@test.com successfully added product TV1 to shop 0
[4/18/2021, 7:07:56 PM] info: Test@test.com successfully added product TV2 to shop 1
[4/18/2021, 7:07:56 PM] info: Test@test.com successfully added product TV3 to shop 2
[4/18/2021, 7:07:56 PM] info: A search was performed in shop 0: name: TV1	 number of results: 1
[4/18/2021, 7:07:56 PM] info: A search was performed in shop 1: name: TV1	 number of results: 0
[4/18/2021, 7:07:56 PM] info: A search was performed in shop 2: name: TV1	 number of results: 0
[4/18/2021, 7:07:56 PM] info: A search was performed in shop 0: name: TV1	 number of results: 1
[4/18/2021, 7:07:56 PM] info: A search was performed in shop 1: name: TV1	 number of results: 0
[4/18/2021, 7:07:56 PM] info: A search was performed in shop 2: name: TV1	 number of results: 0
[4/18/2021, 7:07:56 PM] info: A search was performed in shop 0: category: monitors	 number of results: 0
[4/18/2021, 7:07:56 PM] info: A search was performed in shop 1: category: monitors	 number of results: 1
[4/18/2021, 7:07:56 PM] info: A search was performed in shop 2: category: monitors	 number of results: 1
[4/18/2021, 7:07:56 PM] info: A search was performed in shop 0: category: monitors	 number of results: 0
[4/18/2021, 7:07:56 PM] info: A search was performed in shop 1: category: monitors	 number of results: 1
[4/18/2021, 7:07:56 PM] info: A search was performed in shop 2: category: monitors	 number of results: 1
[4/18/2021, 7:07:56 PM] info: A search was performed in shop 0: category: monitors	 number of results: 0
[4/18/2021, 7:07:56 PM] info: A search was performed in shop 1: category: monitors	 number of results: 1
[4/18/2021, 7:07:56 PM] info: A search was performed in shop 2: category: monitors	 number of results: 1
[4/18/2021, 7:07:56 PM] info: A search was performed in shop 0: category: monitors	 number of results: 0
[4/18/2021, 7:07:56 PM] info: A filter was performed in shop 0 with the following filters: [object Object],[object Object]
[4/18/2021, 7:07:56 PM] info: A search was performed in shop 1: category: monitors	 number of results: 1
[4/18/2021, 7:07:56 PM] info: A filter was performed in shop 1 with the following filters: [object Object],[object Object]
[4/18/2021, 7:07:56 PM] info: A search was performed in shop 2: category: monitors	 number of results: 1
[4/18/2021, 7:07:56 PM] info: A filter was performed in shop 2 with the following filters: [object Object],[object Object]
[4/18/2021, 7:07:56 PM] info: A search was performed in shop 0: category: a category which doesnt exist	 number of results: 0
[4/18/2021, 7:07:56 PM] info: A search was performed in shop 1: category: a category which doesnt exist	 number of results: 0
[4/18/2021, 7:07:56 PM] info: A search was performed in shop 2: category: a category which doesnt exist	 number of results: 0
[4/18/2021, 7:07:56 PM] info: Test@test.com successfully added product TV to shop 0
[4/18/2021, 7:07:56 PM] info: Product id 0 was search for and found TV
[4/18/2021, 7:07:56 PM] info: Product id 0 was search for and found TV
[4/18/2021, 7:07:56 PM] info: Test@test.com successfully added product TV to shop 0
[4/18/2021, 7:07:56 PM] info: Product id 0 was search for and found TV
[4/18/2021, 7:07:56 PM] info: Product id 0 was edited successfully for shop_id 0
[4/18/2021, 7:07:56 PM] info: Cart of user_id 2 was displayed
[4/18/2021, 7:07:56 PM] info: Test@test.com successfully added product TV to shop 0
[4/18/2021, 7:07:56 PM] info: Product id 0 was search for and found TV
[4/18/2021, 7:07:56 PM] info: Product id 0 was search for and found TV
[4/18/2021, 7:07:56 PM] erro: Trying to purchase a shop basket that doesnt exist
[4/18/2021, 7:07:56 PM] erro: -150 isn't a guest nor a registered user
[4/18/2021, 7:08:30 PM] info: All items were requested for shop 2
[4/18/2021, 7:08:30 PM] info: tomsand@post.bgu.ac.il successfully added product Best 29 inch to shop 2
[4/18/2021, 7:08:30 PM] info: All items were requested for shop 2
[4/18/2021, 7:08:30 PM] info: tomsand@post.bgu.ac.il successfully added product Best 29 inch to shop 2
[4/18/2021, 7:08:30 PM] info: All items were requested for shop 2
[4/18/2021, 7:08:30 PM] info: tomsand@post.bgu.ac.il successfully added product Best 29 inch to shop 2
[4/18/2021, 7:08:30 PM] info: All items were requested for shop 2
[4/18/2021, 7:08:30 PM] info: All items were requested for shop 3
[4/18/2021, 7:08:30 PM] info: tomsand@post.bgu.ac.il successfully added product Best 29 inch to shop 3
[4/18/2021, 7:08:30 PM] info: All items were requested for shop 3
[4/18/2021, 7:08:30 PM] info: tomsand@post.bgu.ac.il successfully removed product 27 from shop 3
[4/18/2021, 7:08:30 PM] info: All items were requested for shop 3
[4/18/2021, 7:08:30 PM] info: tomsand@post.bgu.ac.il successfully added product Best 29 centimeter to shop 4
[4/18/2021, 7:08:30 PM] info: tomsand@post.bgu.ac.il successfully added product Best 29 inch to shop 4
[4/18/2021, 7:08:30 PM] info: tomsand@post.bgu.ac.il successfully added product Best 29 inch to shop 4
[4/18/2021, 7:08:30 PM] info: A search was performed in shop 4: name: centimeter	 number of results: 1
[4/18/2021, 7:08:30 PM] info: A search was performed in shop 4: name: 29 inch	 number of results: 2
[4/18/2021, 7:08:30 PM] info: A search was performed in shop 4: category: monitors	 number of results: 2
[4/18/2021, 7:08:30 PM] info: A search was performed in shop 4: keyword: not the best	 number of results: 1
[4/18/2021, 7:08:30 PM] info: tomsand@post.bgu.ac.il successfully added product Best 29 centimeter to shop 5
[4/18/2021, 7:08:30 PM] info: tomsand@post.bgu.ac.il successfully added product Best 29 inch to shop 5
[4/18/2021, 7:08:30 PM] info: tomsand@post.bgu.ac.il successfully added product Best 29 inch to shop 5
[4/18/2021, 7:08:30 PM] info: All items were requested for shop 5
[4/18/2021, 7:08:30 PM] info: A filter was performed in shop 5 with the following filters: [object Object]
[4/18/2021, 7:08:30 PM] info: All items were requested for shop 5
[4/18/2021, 7:08:30 PM] info: A filter was performed in shop 5 with the following filters: [object Object],[object Object]
[4/18/2021, 7:08:30 PM] erro: wrong@mail.com attempted to appoint new@bgu.ac.il but the appointer is not a owner
[4/18/2021, 7:08:30 PM] erro: Failed to make new@bgu.ac.il a manager by wrong@mail.com
[4/18/2021, 7:08:30 PM] info: new@bgu.ac.il was made manager by tomsand@post.bgu.ac.il
[4/18/2021, 7:08:30 PM] erro: wrong@mail.com attempted to appoint new@bgu.ac.il but the appointer is not a owner
[4/18/2021, 7:08:30 PM] erro: Failed to make new@bgu.ac.il a manager by wrong@mail.com
[4/18/2021, 7:08:30 PM] info: new@bgu.ac.il was made manager by tomsand@post.bgu.ac.il
[4/18/2021, 7:08:30 PM] info: owner@bgu.ac.il was made manager by tomsand@post.bgu.ac.il
[4/18/2021, 7:08:30 PM] info: manager@bgu.ac.il was made manager by tomsand@post.bgu.ac.il
[4/18/2021, 7:08:30 PM] info: anothermanager@bgu.ac.il was made manager by owner@bgu.ac.il
[4/18/2021, 7:08:30 PM] erro: Failed to grant AddItem to anothermanager@bgu.ac.il by tomsand@post.bgu.ac.il. tomsand@post.bgu.ac.il is not the appointer of anothermanager@bgu.ac.il
[4/18/2021, 7:08:30 PM] info: Permissions AddItem granted to manager@bgu.ac.il by tomsand@post.bgu.ac.il
[4/18/2021, 7:08:30 PM] info: Permissions RemoveItem granted to anothermanager@bgu.ac.il by owner@bgu.ac.il
[4/18/2021, 7:08:30 PM] info: manager@bgu.ac.il successfully added product Best 29 inch to shop 8
[4/18/2021, 7:08:30 PM] info: anothermanager@bgu.ac.il successfully removed product 34 from shop 8
[4/18/2021, 7:08:30 PM] info: All items were requested for shop 8
[4/18/2021, 7:08:30 PM] info: owner@bgu.ac.il was made manager by tomsand@post.bgu.ac.il
[4/18/2021, 7:08:30 PM] info: manager@bgu.ac.il was made manager by tomsand@post.bgu.ac.il
[4/18/2021, 7:08:30 PM] info: anothermanager@bgu.ac.il was made manager by owner@bgu.ac.il
[4/18/2021, 7:08:30 PM] erro: owner@bgu.ac.il failed to remove owner@bgu.ac.il from management
[4/18/2021, 7:08:30 PM] erro: tomsand@post.bgu.ac.il failed to remove tomsand@post.bgu.ac.il from management
[4/18/2021, 7:08:30 PM] info: owner@bgu.ac.il removed anothermanager@bgu.ac.il from management
[4/18/2021, 7:08:30 PM] info: tomsand@post.bgu.ac.il removed manager@bgu.ac.il from management
[4/18/2021, 7:08:30 PM] erro: Failed to view all staff by wrong@post.bgu.ac.il. Permission denied.
[4/18/2021, 7:08:30 PM] info: tomsand@post.bgu.ac.il requested information regarding all the shop staff
[4/18/2021, 7:08:30 PM] erro: Email is not of correct format
[4/18/2021, 7:08:30 PM] erro: Email is already in use by another user
[4/18/2021, 7:08:30 PM] erro: Email is already in use by another user
[4/18/2021, 7:08:30 PM] erro: Login failed - user doesnt exist.
[4/18/2021, 7:08:30 PM] erro: liorpev15@gmail.com isn't a registered in the system.
[4/18/2021, 7:08:30 PM] erro: Email is already in use by another user
[4/18/2021, 7:08:30 PM] erro: liorpev1@gmail.com already logged in the system.
[4/18/2021, 7:08:30 PM] erro: Email is already in use by another user
[4/18/2021, 7:08:30 PM] erro: Product id 0 search for but doesn't exist
[4/18/2021, 7:08:30 PM] erro: Email is already in use by another user
[4/18/2021, 7:08:30 PM] erro: liorpev1@gmail.com already logged in the system.
[4/18/2021, 7:09:23 PM] info: Product id 0 was search for and found vodka
[4/18/2021, 7:09:23 PM] info: Product id 0 was edited successfully for shop_id 2
[4/18/2021, 7:09:23 PM] info: Product id 0 was removed successfully from shop_id 2
[4/18/2021, 7:09:23 PM] info: Product id 0 was search for and found vodka
[4/18/2021, 7:09:23 PM] info: Product id 0 was added successfully to the basket of shop_id 2
[4/18/2021, 7:09:52 PM] erro: Email is not of correct format
[4/18/2021, 7:09:52 PM] erro: Email is already in use by another user
[4/18/2021, 7:09:56 PM] erro: Login failed - user doesnt exist.
[4/18/2021, 7:09:56 PM] erro: liorpev15@gmail.com isn't a registered in the system.
[4/18/2021, 7:09:56 PM] erro: liorpev1@gmail.com already logged in the system.
[4/18/2021, 7:09:59 PM] info: Product id 0 was search for and found vodka
[4/18/2021, 7:10:03 PM] info: Product id 0 was search for and found vodka
[4/18/2021, 7:10:03 PM] info: Product id 0 was search for and found vodka
[4/18/2021, 7:10:03 PM] info: Product id 0 was edited successfully for shop_id 2
[4/18/2021, 7:10:03 PM] info: Product id 0 was removed successfully from shop_id 2
[4/18/2021, 7:10:03 PM] info: Product id 0 was search for and found vodka
[4/18/2021, 7:10:03 PM] info: Product id 0 was added successfully to the basket of shop_id 2
[4/18/2021, 7:10:27 PM] info: All items were requested for shop 2
[4/18/2021, 7:10:27 PM] info: tomsand@post.bgu.ac.il successfully added product Best 29 inch to shop 2
[4/18/2021, 7:10:27 PM] info: All items were requested for shop 2
[4/18/2021, 7:10:27 PM] info: tomsand@post.bgu.ac.il successfully added product Best 29 inch to shop 2
[4/18/2021, 7:10:27 PM] info: All items were requested for shop 2
[4/18/2021, 7:10:27 PM] info: tomsand@post.bgu.ac.il successfully added product Best 29 inch to shop 2
[4/18/2021, 7:10:27 PM] info: All items were requested for shop 2
[4/18/2021, 7:10:27 PM] info: All items were requested for shop 3
[4/18/2021, 7:10:27 PM] info: tomsand@post.bgu.ac.il successfully added product Best 29 inch to shop 3
[4/18/2021, 7:10:27 PM] info: All items were requested for shop 3
[4/18/2021, 7:10:27 PM] info: tomsand@post.bgu.ac.il successfully removed product 27 from shop 3
[4/18/2021, 7:10:27 PM] info: All items were requested for shop 3
[4/18/2021, 7:10:27 PM] info: tomsand@post.bgu.ac.il successfully added product Best 29 centimeter to shop 4
[4/18/2021, 7:10:27 PM] info: tomsand@post.bgu.ac.il successfully added product Best 29 inch to shop 4
[4/18/2021, 7:10:27 PM] info: tomsand@post.bgu.ac.il successfully added product Best 29 inch to shop 4
[4/18/2021, 7:10:27 PM] info: A search was performed in shop 4: name: centimeter	 number of results: 1
[4/18/2021, 7:10:27 PM] info: A search was performed in shop 4: name: 29 inch	 number of results: 2
[4/18/2021, 7:10:27 PM] info: A search was performed in shop 4: category: monitors	 number of results: 2
[4/18/2021, 7:10:27 PM] info: A search was performed in shop 4: keyword: not the best	 number of results: 1
[4/18/2021, 7:10:27 PM] info: tomsand@post.bgu.ac.il successfully added product Best 29 centimeter to shop 5
[4/18/2021, 7:10:27 PM] info: tomsand@post.bgu.ac.il successfully added product Best 29 inch to shop 5
[4/18/2021, 7:10:27 PM] info: tomsand@post.bgu.ac.il successfully added product Best 29 inch to shop 5
[4/18/2021, 7:10:27 PM] info: All items were requested for shop 5
[4/18/2021, 7:10:27 PM] info: A filter was performed in shop 5 with the following filters: [object Object]
[4/18/2021, 7:10:27 PM] info: All items were requested for shop 5
[4/18/2021, 7:10:27 PM] info: A filter was performed in shop 5 with the following filters: [object Object],[object Object]
[4/18/2021, 7:10:27 PM] erro: wrong@mail.com attempted to appoint new@bgu.ac.il but the appointer is not a owner
[4/18/2021, 7:10:27 PM] erro: Failed to make new@bgu.ac.il a manager by wrong@mail.com
[4/18/2021, 7:10:27 PM] info: new@bgu.ac.il was made manager by tomsand@post.bgu.ac.il
[4/18/2021, 7:10:27 PM] erro: wrong@mail.com attempted to appoint new@bgu.ac.il but the appointer is not a owner
[4/18/2021, 7:10:27 PM] erro: Failed to make new@bgu.ac.il a manager by wrong@mail.com
[4/18/2021, 7:10:27 PM] info: new@bgu.ac.il was made manager by tomsand@post.bgu.ac.il
[4/18/2021, 7:10:27 PM] info: owner@bgu.ac.il was made manager by tomsand@post.bgu.ac.il
[4/18/2021, 7:10:27 PM] info: manager@bgu.ac.il was made manager by tomsand@post.bgu.ac.il
[4/18/2021, 7:10:27 PM] info: anothermanager@bgu.ac.il was made manager by owner@bgu.ac.il
[4/18/2021, 7:10:27 PM] erro: Failed to grant AddItem to anothermanager@bgu.ac.il by tomsand@post.bgu.ac.il. tomsand@post.bgu.ac.il is not the appointer of anothermanager@bgu.ac.il
[4/18/2021, 7:10:27 PM] info: Permissions AddItem granted to manager@bgu.ac.il by tomsand@post.bgu.ac.il
[4/18/2021, 7:10:27 PM] info: Permissions RemoveItem granted to anothermanager@bgu.ac.il by owner@bgu.ac.il
[4/18/2021, 7:10:27 PM] info: manager@bgu.ac.il successfully added product Best 29 inch to shop 8
[4/18/2021, 7:10:27 PM] info: anothermanager@bgu.ac.il successfully removed product 34 from shop 8
[4/18/2021, 7:10:27 PM] info: All items were requested for shop 8
[4/18/2021, 7:10:27 PM] info: owner@bgu.ac.il was made manager by tomsand@post.bgu.ac.il
[4/18/2021, 7:10:27 PM] info: manager@bgu.ac.il was made manager by tomsand@post.bgu.ac.il
[4/18/2021, 7:10:27 PM] info: anothermanager@bgu.ac.il was made manager by owner@bgu.ac.il
[4/18/2021, 7:10:27 PM] erro: owner@bgu.ac.il failed to remove owner@bgu.ac.il from management
[4/18/2021, 7:10:27 PM] erro: tomsand@post.bgu.ac.il failed to remove tomsand@post.bgu.ac.il from management
[4/18/2021, 7:10:27 PM] info: owner@bgu.ac.il removed anothermanager@bgu.ac.il from management
[4/18/2021, 7:10:27 PM] info: tomsand@post.bgu.ac.il removed manager@bgu.ac.il from management
[4/18/2021, 7:10:27 PM] erro: Failed to view all staff by wrong@post.bgu.ac.il. Permission denied.
[4/18/2021, 7:10:27 PM] info: tomsand@post.bgu.ac.il requested information regarding all the shop staff
[4/18/2021, 7:10:27 PM] erro: Email is not of correct format
[4/18/2021, 7:10:27 PM] erro: Email is already in use by another user
[4/18/2021, 7:10:27 PM] erro: Email is already in use by another user
[4/18/2021, 7:10:27 PM] erro: Login failed - user doesnt exist.
[4/18/2021, 7:10:27 PM] erro: liorpev15@gmail.com isn't a registered in the system.
[4/18/2021, 7:10:27 PM] erro: Email is already in use by another user
[4/18/2021, 7:10:27 PM] erro: liorpev1@gmail.com already logged in the system.
[4/18/2021, 7:10:27 PM] erro: Email is already in use by another user
[4/18/2021, 7:10:27 PM] erro: Product id 0 search for but doesn't exist
[4/18/2021, 7:10:27 PM] erro: Email is already in use by another user
[4/18/2021, 7:10:27 PM] erro: liorpev1@gmail.com already logged in the system.
[4/18/2021, 7:18:26 PM] info: All items were requested for shop 2
[4/18/2021, 7:18:26 PM] info: tomsand@post.bgu.ac.il successfully added product Best 29 inch to shop 2
[4/18/2021, 7:18:26 PM] info: All items were requested for shop 2
[4/18/2021, 7:18:26 PM] info: tomsand@post.bgu.ac.il successfully added product Best 29 inch to shop 2
[4/18/2021, 7:18:26 PM] info: All items were requested for shop 2
[4/18/2021, 7:18:26 PM] info: tomsand@post.bgu.ac.il successfully added product Best 29 inch to shop 2
[4/18/2021, 7:18:26 PM] info: All items were requested for shop 2
[4/18/2021, 7:18:26 PM] info: All items were requested for shop 3
[4/18/2021, 7:18:26 PM] info: tomsand@post.bgu.ac.il successfully added product Best 29 inch to shop 3
[4/18/2021, 7:18:26 PM] info: All items were requested for shop 3
[4/18/2021, 7:18:26 PM] info: tomsand@post.bgu.ac.il successfully removed product 27 from shop 3
[4/18/2021, 7:18:26 PM] info: All items were requested for shop 3
[4/18/2021, 7:18:26 PM] info: tomsand@post.bgu.ac.il successfully added product Best 29 centimeter to shop 4
[4/18/2021, 7:18:26 PM] info: tomsand@post.bgu.ac.il successfully added product Best 29 inch to shop 4
[4/18/2021, 7:18:26 PM] info: tomsand@post.bgu.ac.il successfully added product Best 29 inch to shop 4
[4/18/2021, 7:18:26 PM] info: A search was performed in shop 4: name: centimeter	 number of results: 1
[4/18/2021, 7:18:26 PM] info: A search was performed in shop 4: name: 29 inch	 number of results: 2
[4/18/2021, 7:18:26 PM] info: A search was performed in shop 4: category: monitors	 number of results: 2
[4/18/2021, 7:18:26 PM] info: A search was performed in shop 4: keyword: not the best	 number of results: 1
[4/18/2021, 7:18:26 PM] info: tomsand@post.bgu.ac.il successfully added product Best 29 centimeter to shop 5
[4/18/2021, 7:18:26 PM] info: tomsand@post.bgu.ac.il successfully added product Best 29 inch to shop 5
[4/18/2021, 7:18:26 PM] info: tomsand@post.bgu.ac.il successfully added product Best 29 inch to shop 5
[4/18/2021, 7:18:26 PM] info: All items were requested for shop 5
[4/18/2021, 7:18:26 PM] info: A filter was performed in shop 5 with the following filters: [object Object]
[4/18/2021, 7:18:26 PM] info: All items were requested for shop 5
[4/18/2021, 7:18:26 PM] info: A filter was performed in shop 5 with the following filters: [object Object],[object Object]
[4/18/2021, 7:18:26 PM] erro: wrong@mail.com attempted to appoint new@bgu.ac.il but the appointer is not a owner
[4/18/2021, 7:18:26 PM] erro: Failed to make new@bgu.ac.il a manager by wrong@mail.com
[4/18/2021, 7:18:26 PM] info: new@bgu.ac.il was made manager by tomsand@post.bgu.ac.il
[4/18/2021, 7:18:26 PM] erro: wrong@mail.com attempted to appoint new@bgu.ac.il but the appointer is not a owner
[4/18/2021, 7:18:26 PM] erro: Failed to make new@bgu.ac.il a manager by wrong@mail.com
[4/18/2021, 7:18:26 PM] info: new@bgu.ac.il was made manager by tomsand@post.bgu.ac.il
[4/18/2021, 7:18:26 PM] info: owner@bgu.ac.il was made manager by tomsand@post.bgu.ac.il
[4/18/2021, 7:18:26 PM] info: manager@bgu.ac.il was made manager by tomsand@post.bgu.ac.il
[4/18/2021, 7:18:26 PM] info: anothermanager@bgu.ac.il was made manager by owner@bgu.ac.il
[4/18/2021, 7:18:26 PM] erro: Failed to grant AddItem to anothermanager@bgu.ac.il by tomsand@post.bgu.ac.il. tomsand@post.bgu.ac.il is not the appointer of anothermanager@bgu.ac.il
[4/18/2021, 7:18:26 PM] info: Permissions AddItem granted to manager@bgu.ac.il by tomsand@post.bgu.ac.il
[4/18/2021, 7:18:26 PM] info: Permissions RemoveItem granted to anothermanager@bgu.ac.il by owner@bgu.ac.il
[4/18/2021, 7:18:26 PM] info: manager@bgu.ac.il successfully added product Best 29 inch to shop 8
[4/18/2021, 7:18:26 PM] info: anothermanager@bgu.ac.il successfully removed product 34 from shop 8
[4/18/2021, 7:18:26 PM] info: All items were requested for shop 8
[4/18/2021, 7:18:26 PM] info: owner@bgu.ac.il was made manager by tomsand@post.bgu.ac.il
[4/18/2021, 7:18:26 PM] info: manager@bgu.ac.il was made manager by tomsand@post.bgu.ac.il
[4/18/2021, 7:18:26 PM] info: anothermanager@bgu.ac.il was made manager by owner@bgu.ac.il
[4/18/2021, 7:18:26 PM] erro: owner@bgu.ac.il failed to remove owner@bgu.ac.il from management
[4/18/2021, 7:18:26 PM] erro: tomsand@post.bgu.ac.il failed to remove tomsand@post.bgu.ac.il from management
[4/18/2021, 7:18:26 PM] info: owner@bgu.ac.il removed anothermanager@bgu.ac.il from management
[4/18/2021, 7:18:26 PM] info: tomsand@post.bgu.ac.il removed manager@bgu.ac.il from management
[4/18/2021, 7:18:26 PM] erro: Failed to view all staff by wrong@post.bgu.ac.il. Permission denied.
[4/18/2021, 7:18:26 PM] info: tomsand@post.bgu.ac.il requested information regarding all the shop staff
[4/18/2021, 7:18:26 PM] erro: Email is not of correct format
[4/18/2021, 7:18:26 PM] erro: Email is already in use by another user
[4/18/2021, 7:18:26 PM] erro: Email is already in use by another user
[4/18/2021, 7:18:26 PM] erro: Login failed - user doesnt exist.
[4/18/2021, 7:18:26 PM] erro: liorpev15@gmail.com isn't a registered in the system.
[4/18/2021, 7:18:26 PM] erro: Email is already in use by another user
[4/18/2021, 7:18:26 PM] erro: liorpev1@gmail.com already logged in the system.
[4/18/2021, 7:18:26 PM] erro: Email is already in use by another user
[4/18/2021, 7:18:26 PM] info: Product id 0 was search for and found vodka
[4/18/2021, 7:18:26 PM] erro: Email is already in use by another user
[4/18/2021, 7:18:26 PM] erro: liorpev1@gmail.com already logged in the system.
[4/18/2021, 7:19:14 PM] erro: 5 isn't a guest nor a registered user
[4/18/2021, 7:19:23 PM] erro: 5 isn't a guest nor a registered user
[4/18/2021, 7:19:36 PM] erro: 6 isn't a guest nor a registered user
[4/18/2021, 7:19:53 PM] erro: 6 isn't a guest nor a registered user
[4/18/2021, 7:20:00 PM] erro: 5 isn't a guest nor a registered user
[4/18/2021, 7:28:46 PM] erro: Email is already in use by another user
[4/18/2021, 7:28:46 PM] erro: Email is not of correct format
[4/18/2021, 7:28:46 PM] erro: Login failed - user doesnt exist.
[4/18/2021, 7:28:46 PM] erro: Test@test.com isn't a registered in the system.
[4/18/2021, 7:28:46 PM] erro: Login failed - user doesnt exist.
[4/18/2021, 7:28:46 PM] erro: 321321321321321312312312312312312312 isn't a registered in the system.
[4/18/2021, 7:28:46 PM] info: Test@test.com successfully added product TV to shop 0
[4/18/2021, 7:28:46 PM] info: Test@test.com successfully added product TV1 to shop 0
[4/18/2021, 7:28:46 PM] info: Test@test.com successfully added product TV2 to shop 1
[4/18/2021, 7:28:46 PM] info: Test@test.com successfully added product TV3 to shop 2
[4/18/2021, 7:28:46 PM] info: A search was performed in shop 0: name: TV1	 number of results: 1
[4/18/2021, 7:28:46 PM] info: A search was performed in shop 1: name: TV1	 number of results: 0
[4/18/2021, 7:28:46 PM] info: A search was performed in shop 2: name: TV1	 number of results: 0
[4/18/2021, 7:28:46 PM] info: A search was performed in shop 0: name: TV1	 number of results: 1
[4/18/2021, 7:28:46 PM] info: A search was performed in shop 1: name: TV1	 number of results: 0
[4/18/2021, 7:28:46 PM] info: A search was performed in shop 2: name: TV1	 number of results: 0
[4/18/2021, 7:28:46 PM] info: A search was performed in shop 0: category: monitors	 number of results: 0
[4/18/2021, 7:28:46 PM] info: A search was performed in shop 1: category: monitors	 number of results: 1
[4/18/2021, 7:28:46 PM] info: A search was performed in shop 2: category: monitors	 number of results: 1
[4/18/2021, 7:28:46 PM] info: A search was performed in shop 0: category: monitors	 number of results: 0
[4/18/2021, 7:28:46 PM] info: A search was performed in shop 1: category: monitors	 number of results: 1
[4/18/2021, 7:28:46 PM] info: A search was performed in shop 2: category: monitors	 number of results: 1
[4/18/2021, 7:28:46 PM] info: A search was performed in shop 0: category: monitors	 number of results: 0
[4/18/2021, 7:28:46 PM] info: A search was performed in shop 1: category: monitors	 number of results: 1
[4/18/2021, 7:28:46 PM] info: A search was performed in shop 2: category: monitors	 number of results: 1
[4/18/2021, 7:28:46 PM] info: A search was performed in shop 0: category: monitors	 number of results: 0
[4/18/2021, 7:28:46 PM] info: A filter was performed in shop 0 with the following filters: [object Object],[object Object]
[4/18/2021, 7:28:46 PM] info: A search was performed in shop 1: category: monitors	 number of results: 1
[4/18/2021, 7:28:46 PM] info: A filter was performed in shop 1 with the following filters: [object Object],[object Object]
[4/18/2021, 7:28:46 PM] info: A search was performed in shop 2: category: monitors	 number of results: 1
[4/18/2021, 7:28:46 PM] info: A filter was performed in shop 2 with the following filters: [object Object],[object Object]
[4/18/2021, 7:28:46 PM] info: A search was performed in shop 0: category: a category which doesnt exist	 number of results: 0
[4/18/2021, 7:28:46 PM] info: A search was performed in shop 1: category: a category which doesnt exist	 number of results: 0
[4/18/2021, 7:28:46 PM] info: A search was performed in shop 2: category: a category which doesnt exist	 number of results: 0
[4/18/2021, 7:28:46 PM] info: Test@test.com successfully added product TV to shop 0
[4/18/2021, 7:28:46 PM] info: Product id 0 was search for and found TV
[4/18/2021, 7:28:46 PM] info: Product id 0 was search for and found TV
[4/18/2021, 7:28:46 PM] info: Test@test.com successfully added product TV to shop 0
[4/18/2021, 7:28:46 PM] info: Product id 0 was search for and found TV
[4/18/2021, 7:28:46 PM] info: Product id 0 was edited successfully for shop_id 0
[4/18/2021, 7:28:46 PM] info: Cart of user_id 2 was displayed
[4/18/2021, 7:28:46 PM] info: Test@test.com successfully added product TV to shop 0
[4/18/2021, 7:28:46 PM] info: Product id 0 was search for and found TV
[4/18/2021, 7:28:46 PM] info: Product id 0 was search for and found TV
[4/18/2021, 7:28:46 PM] erro: Trying to purchase a shop basket that doesnt exist
[4/18/2021, 7:28:46 PM] erro: -150 isn't a guest nor a registered user
[4/18/2021, 7:28:46 PM] info: Test@test.com successfully added product TV to shop 0
[4/18/2021, 7:28:46 PM] info: Product id 0 was search for and found TV
[4/18/2021, 7:28:46 PM] info: Product id 0 was search for and found TV
[4/18/2021, 7:28:46 PM] info: Order history of user id 2 was displayed
[4/18/2021, 7:28:46 PM] info: All items were requested for shop 0
[4/18/2021, 7:28:46 PM] info: Test@test.com successfully added product TV to shop 0
[4/18/2021, 7:28:46 PM] info: All items were requested for shop 0
[4/18/2021, 7:28:46 PM] erro: Test@test.com failed to add product  to shop 0. product name can't be empty
[4/18/2021, 7:28:46 PM] info: Test@test.com successfully added product TV to shop 0
[4/18/2021, 7:28:46 PM] info: All items were requested for shop 0
[4/18/2021, 7:28:46 PM] info: Test@test.com successfully removed product 0 from shop 0
[4/18/2021, 7:28:46 PM] info: All items were requested for shop 0
[4/18/2021, 7:28:46 PM] info: Test@test.com successfully added product TV to shop 0
[4/18/2021, 7:28:46 PM] erro: Test@test.com failed to remove product -1 from shop 0. Item doesn't exist.
[4/18/2021, 7:28:46 PM] info: All items were requested for shop 0
[4/18/2021, 7:28:46 PM] info: OvedMetzuyan@post.co.il was made manager by Test@test.com
[4/18/2021, 7:28:46 PM] erro: OvedMetzuyan@post.co.il failed to remove product 1 from shop 0. Permission denied.
[4/18/2021, 7:28:46 PM] info: All items were requested for shop 0
[4/18/2021, 7:28:46 PM] erro: OvedMetzuyan@post.co.il failed to add product TV to shop 0. Permission denied
[4/18/2021, 7:28:46 PM] info: OvedMetzuyan@post.co.il was made manager by Test@test.com
[4/18/2021, 7:28:46 PM] info: OvedMetzuyan@post.co.il successfully added product TV to shop 0
[4/18/2021, 7:28:46 PM] erro: Test@test.com attempted to appoint OvedMetzuyan@post.co.il but the appointee is already an owner
[4/18/2021, 7:28:46 PM] erro: Failed to make OvedMetzuyan@post.co.il a manager by Test@test.com
[4/18/2021, 7:28:46 PM] erro: OvedRa@post.co.il attempted to appoint OvedRaMeod@post.co.il but the appointer is not a owner
[4/18/2021, 7:28:46 PM] erro: Failed to make OvedRaMeod@post.co.il a manager by OvedRa@post.co.il
[4/18/2021, 7:28:46 PM] info: OvedMetzuyan@post.co.il was made manager by Test@test.com
[4/18/2021, 7:28:46 PM] erro: Test@test.com attempted to appoint OvedMetzuyan@post.co.il but the appointee is already a manager
[4/18/2021, 7:28:46 PM] erro: Failed to make OvedMetzuyan@post.co.il a manager by Test@test.com
[4/18/2021, 7:28:46 PM] erro: OvedRa@post.co.il attempted to appoint OvedRaMeod@post.co.il but the appointer is not a owner
[4/18/2021, 7:28:46 PM] erro: Failed to make OvedRaMeod@post.co.il a manager by OvedRa@post.co.il
[4/18/2021, 7:28:46 PM] info: OvedMetzuyan@post.co.il was made manager by Test@test.com
[4/18/2021, 7:28:46 PM] erro: OvedMetzuyan@post.co.il failed to add product TV to shop 0. Permission denied
[4/18/2021, 7:28:46 PM] info: Permissions AddItem granted to OvedMetzuyan@post.co.il by Test@test.com
[4/18/2021, 7:28:46 PM] info: OvedMetzuyan@post.co.il successfully added product TV to shop 0
[4/18/2021, 7:28:46 PM] info: Permissions AddItem granted to OvedMetzuyan@post.co.il by Test@test.com
[4/18/2021, 7:28:46 PM] info: OvedaMetzuyan@post.co.il was made manager by Test@test.com
[4/18/2021, 7:28:46 PM] erro: Failed to grant RemoveItem to OvedMetzuyan@post.co.il by OvedaMetzuyan@post.co.il. OvedaMetzuyan@post.co.il is not the appointer of OvedMetzuyan@post.co.il
[4/18/2021, 7:28:46 PM] info: OvedMetzuyan@post.co.il was made manager by Test@test.com
[4/18/2021, 7:28:46 PM] info: Test@test.com removed OvedMetzuyan@post.co.il from management
[4/18/2021, 7:28:46 PM] erro: Login failed - user doesnt exist.
[4/18/2021, 7:28:46 PM] erro: aaa@post.co.il isn't a registered in the system.
[4/18/2021, 7:28:46 PM] erro: aaa@post.co.il isn't a registered in the system. isn't a guest nor a registered user
[4/18/2021, 7:28:46 PM] info: Test@test.com successfully added product TV to shop 0
[4/18/2021, 7:28:46 PM] info: Product id 0 was search for and found TV
[4/18/2021, 7:28:46 PM] info: Product id 0 was search for and found TV
[4/18/2021, 7:28:46 PM] info: Order history of user id 2 was displayed
[4/18/2021, 7:28:46 PM] erro: 150 isn't a guest nor a registered user
[4/18/2021, 7:28:46 PM] erro: 150 isn't a guest nor a registered user
[4/18/2021, 7:28:46 PM] info: Test@test.com successfully added product TV to shop 0
[4/18/2021, 7:28:46 PM] info: Product id 0 was search for and found TV
[4/18/2021, 7:28:46 PM] info: Product id 0 was search for and found TV
[4/18/2021, 7:28:46 PM] info: Admin admin@gmail.com searched for shop 0 order history
[4/18/2021, 7:28:46 PM] erro: 12 isn't a guest nor a registered user
[4/24/2021, 10:44:28 AM] info: Test@test.com successfully added product TV to shop 0
[4/24/2021, 10:44:29 AM] info: Product id 0 was search for and found TV
[4/24/2021, 10:44:29 AM] info: Product id 0 was edited successfully for shop_id 0
[4/24/2021, 10:44:29 AM] info: Cart of user_id 2 was displayed
[4/24/2021, 11:47:21 AM] info: Product id 0 was search for and found vodka
[4/24/2021, 9:00:15 PM] info: Product id 0 was search for and found vodka
[4/24/2021, 9:00:15 PM] info: Product id 0 was search for and found vodka
[4/24/2021, 9:00:15 PM] info: Product id 0 was edited successfully for shop_id 2
[4/24/2021, 9:00:15 PM] info: Product id 0 was removed successfully from shop_id 2
[4/24/2021, 9:00:15 PM] info: Product id 0 was search for and found vodka
[4/24/2021, 9:00:15 PM] info: Product id 0 was added successfully to the basket of shop_id 2
[4/24/2021, 9:08:20 PM] info: Product id 0 was search for and found vodka
[4/24/2021, 9:08:20 PM] info: Product id 0 was search for and found vodka
[4/24/2021, 9:08:20 PM] info: Order history of user id 1 was displayed
[4/24/2021, 9:08:32 PM] info: Product id 0 was search for and found vodka
[4/24/2021, 9:08:32 PM] info: Product id 0 was search for and found vodka
[4/24/2021, 9:08:32 PM] info: Order history of user id 1 was displayed
[4/24/2021, 9:12:19 PM] info: Product id 0 was search for and found vodka
[4/24/2021, 9:12:19 PM] erro: Product id 0 search for but doesn't exist
[4/24/2021, 9:15:01 PM] info: Product id 0 was search for and found vodka
[4/24/2021, 9:15:01 PM] erro: Product id 0 search for but doesn't exist
[4/24/2021, 9:16:21 PM] info: Product id 0 was search for and found vodka
[4/24/2021, 9:16:21 PM] info: Product id 1 was search for and found banana
[4/24/2021, 9:16:21 PM] info: Product id 0 was search for and found vodka
[4/24/2021, 9:16:21 PM] erro: Trying to purchase a shop basket that doesnt exist
[4/24/2021, 9:16:36 PM] info: Product id 0 was search for and found vodka
[4/24/2021, 9:16:36 PM] info: Product id 1 was search for and found banana
[4/24/2021, 9:16:36 PM] info: Product id 0 was search for and found vodka
[4/24/2021, 9:16:36 PM] info: Product id 1 was search for and found banana
[4/24/2021, 9:16:36 PM] info: Order history of user id 1 was displayed
